{"method":"GET","url":"/catalog/","status":"304 ","responseTime":"3.528"}
{"method":"GET","url":"/catalog/search?treasure=&text=&sorting=","status":"304 ","responseTime":"6.601"}
{"method":"GET","url":"/busket/","status":"304 ","responseTime":"0.542"}
{"method":"POST","url":"/order","status":"200 ","responseTime":"2.916"}
{"method":"GET","url":"/favicon.ico","status":"404 ","responseTime":"3.490"}
{"method":"POST","url":"/order","status":"200 ","responseTime":"2.529"}
{"method":"GET","url":"/busket/","status":"304 ","responseTime":"0.447"}
{"method":"POST","url":"/user/logout","status":"200 ","responseTime":"0.497"}
{"method":"GET","url":"/busket/","status":"304 ","responseTime":"0.404"}
{"method":"GET","url":"/","status":"304 ","responseTime":"0.698"}
{"method":"POST","url":"/user/login","status":"200 ","responseTime":"0.740"}
{"method":"GET","url":"/","status":"304 ","responseTime":"0.262"}
{"method":"GET","url":"/busket/","status":"304 ","responseTime":"0.656"}
{"method":"POST","url":"/order","status":"200 ","responseTime":"2.528"}
{"method":"POST","url":"/order","status":"200 ","responseTime":"6.771"}
{"method":"POST","url":"/order","status":"200 ","responseTime":"7.018"}
{"method":"POST","url":"/order","status":"200 ","responseTime":"8.263"}
{"method":"POST","url":"/order","status":"200 ","responseTime":"6.333"}
{"method":"POST","url":"/order","status":"200 ","responseTime":"2.279"}
{"method":"POST","url":"/order/confirm","status":"200 ","responseTime":"1.661"}
{"method":"GET","url":"/News/news.html","status":"304 ","responseTime":"0.399"}
{"method":"GET","url":"/","status":"304 ","responseTime":"0.464"}
{"method":"GET","url":"/feedback/","status":"200 ","responseTime":"3.827"}
{"method":"GET","url":"/reviews","status":"200 ","responseTime":"2.728"}
{"method":"GET","url":"/","status":"200 ","responseTime":"0.840"}
{"method":"GET","url":"/wiki/","status":"200 ","responseTime":"0.693"}
{"method":"GET","url":"/news/","status":"200 ","responseTime":"0.983"}
{"method":"GET","url":"/contacts/","status":"200 ","responseTime":"0.970"}
{"method":"GET","url":"/feedback/","status":"304 ","responseTime":"0.438"}
{"method":"GET","url":"/reviews","status":"200 ","responseTime":"1.748"}
{"method":"GET","url":"/catalog/","status":"200 ","responseTime":"0.871"}
{"method":"GET","url":"/catalog/search?treasure=&text=&sorting=","status":"304 ","responseTime":"4.893"}
{"method":"GET","url":"/catalog/search?treasure=&text=&sorting=price_d","status":"200 ","responseTime":"3.899"}
{"method":"GET","url":"/catalog/search?treasure=&text=&sorting=price_u","status":"200 ","responseTime":"2.790"}
{"method":"GET","url":"/catalog/search?treasure=&text=&sorting=","status":"304 ","responseTime":"3.545"}
{"method":"GET","url":"/admin/orders","status":"500 ","responseTime":"6.065"}
{"method":"GET","url":"/admin/orders","status":"500 ","responseTime":"6.387"}
{"method":"GET","url":"/admin/orders","status":"200 ","responseTime":"3.111"}
{"method":"GET","url":"/admin/orders","status":"500 ","responseTime":"7.360"}
{"method":"GET","url":"/admin/orders","status":"500 ","responseTime":"5.885"}
{"method":"GET","url":"/admin/orders","status":"500 ","responseTime":"6.164"}
{"method":"GET","url":"/admin/orders","status":"500 ","responseTime":"6.126"}
{"method":"GET","url":"/admin/orders","status":"500 ","responseTime":"1.875"}
{"method":"GET","url":"/admin/orders","status":"500 ","responseTime":"0.949"}
{"method":"GET","url":"/admin/orders","status":"500 ","responseTime":"0.692"}
{"method":"GET","url":"/admin/orders","status":"500 ","responseTime":"0.780"}
{"method":"GET","url":"/admin/orders","status":"500 ","responseTime":"0.780"}
{"method":"GET","url":"/admin/orders","status":"200 ","responseTime":"3.255"}
{"method":"GET","url":"/admin/orders","status":"200 ","responseTime":"3.428"}
{"method":"GET","url":"/admin/orders","status":"500 ","responseTime":"6.456"}
{"method":"GET","url":"/admin/orders","status":"200 ","responseTime":"2.819"}
{"method":"GET","url":"/admin/orders","status":"304 ","responseTime":"1.080"}
{"method":"GET","url":"/admin/orders","status":"304 ","responseTime":"0.543"}
{"method":"GET","url":"/admin/orders","status":"304 ","responseTime":"0.577"}
{"method":"GET","url":"/admin/orders","status":"304 ","responseTime":"0.661"}
{"method":"GET","url":"/admin/orders","status":"304 ","responseTime":"0.450"}
{"method":"GET","url":"/admin/orders","status":"304 ","responseTime":"3.105"}
{"method":"GET","url":"/admin/orders","status":"304 ","responseTime":"3.523"}
{"method":"GET","url":"/admin/orders","status":"200 ","responseTime":"3.631"}
{"method":"GET","url":"/admin/orders","status":"200 ","responseTime":"3.242"}
{"method":"GET","url":"/admin/orders","status":"304 ","responseTime":"0.958"}
{"method":"GET","url":"/admin/orders","status":"304 ","responseTime":"0.557"}
{"method":"GET","url":"/admin/orders","status":"200 ","responseTime":"3.320"}
{"method":"GET","url":"/admin/orders","status":"200 ","responseTime":"3.123"}
{"method":"GET","url":"/admin/orders","status":"200 ","responseTime":"3.396"}
{"method":"GET","url":"/admin/orders","status":"200 ","responseTime":"3.011"}
{"method":"GET","url":"/admin/orders","status":"200 ","responseTime":"3.139"}
{"method":"GET","url":"/admin/orders","status":"200 ","responseTime":"3.725"}
{"method":"GET","url":"/admin/orders","status":"200 ","responseTime":"3.064"}
{"method":"GET","url":"/admin/orders","status":"200 ","responseTime":"3.368"}
{"method":"GET","url":"/admin/orders","status":"200 ","responseTime":"3.780"}
{"method":"GET","url":"/admin/orders","status":"304 ","responseTime":"1.480"}
{"method":"GET","url":"/admin/orders","status":"304 ","responseTime":"3.260"}
{"method":"GET","url":"/admin/orders","status":"200 ","responseTime":"3.487"}
{"method":"GET","url":"/admin/orders","status":"200 ","responseTime":"3.423"}
{"method":"GET","url":"/admin/orders","status":"200 ","responseTime":"14.195"}
{"method":"GET","url":"/admin/orders","status":"200 ","responseTime":"13.303"}
{"method":"GET","url":"/admin/orders","status":"200 ","responseTime":"14.074"}
{"method":"GET","url":"/admin/orders","status":"200 ","responseTime":"13.278"}
{"method":"GET","url":"/admin/orders","status":"200 ","responseTime":"12.943"}
{"method":"GET","url":"/admin/orders","status":"200 ","responseTime":"13.598"}
{"method":"GET","url":"/admin/routes","status":"500 ","responseTime":"6.622"}
{"method":"GET","url":"/admin/routes","status":"500 ","responseTime":"6.390"}
{"method":"GET","url":"/admin/routes","status":"500 ","responseTime":"1.429"}
{"method":"GET","url":"/admin/routes","status":"500 ","responseTime":"6.719"}
{"method":"GET","url":"/admin/routes","status":"500 ","responseTime":"27.738"}
{"method":"GET","url":"/admin/routes","status":"500 ","responseTime":"6.890"}
{"method":"GET","url":"/admin/routes","status":"500 ","responseTime":"14.241"}
{"method":"GET","url":"/admin/routes","status":"500 ","responseTime":"15.481"}
{"method":"GET","url":"/admin/routes","status":"500 ","responseTime":"7.673"}
{"method":"GET","url":"/admin/routes","status":"500 ","responseTime":"2.271"}
{"method":"GET","url":"/admin/routes","status":"500 ","responseTime":"1.434"}
{"method":"GET","url":"/admin/routes","status":"500 ","responseTime":"2.114"}
{"method":"GET","url":"/admin/routes","status":"500 ","responseTime":"1.337"}
{"method":"GET","url":"/admin/routes","status":"500 ","responseTime":"2.408"}
{"method":"GET","url":"/admin/routes","status":"500 ","responseTime":"1.293"}
{"method":"GET","url":"/admin/routes","status":"500 ","responseTime":"1.481"}
{"method":"GET","url":"/admin/routes","status":"500 ","responseTime":"35.924"}
{"method":"GET","url":"/admin/routes","status":"500 ","responseTime":"33.855"}
{"method":"GET","url":"/admin/routes","status":"200 ","responseTime":"28.605"}
{"method":"GET","url":"/admin/routes","status":"200 ","responseTime":"31.517"}
{"method":"GET","url":"/admin/routes","status":"200 ","responseTime":"30.635"}
{"method":"GET","url":"/admin/routes","status":"200 ","responseTime":"29.453"}
{"method":"GET","url":"/admin/routes","status":"200 ","responseTime":"3.187"}
{"method":"GET","url":"/admin/routes","status":"200 ","responseTime":"3.312"}
{"method":"GET","url":"/admin/routes","status":"200 ","responseTime":"1.161"}
{"method":"GET","url":"/admin/routes","status":"200 ","responseTime":"0.861"}
